2023-07-20 10:45:47,448 - root - INFO - This is starting of process_transaction definition.
2023-07-20 10:45:47,449 - root - INFO - Transaction is valid with amount : 400
2023-07-20 10:45:47,449 - root - INFO - Try Block executed
2023-07-20 10:45:48,367 - root - INFO - This is starting of process_transaction definition.
2023-07-20 10:45:48,367 - root - INFO - Transaction is valid with amount : 1000
2023-07-20 10:45:48,368 - root - INFO - Try Block executed
2023-07-20 10:45:49,180 - root - INFO - This is starting of process_transaction definition.
2023-07-20 10:45:49,181 - root - ERROR - Exception Occured Transaction amount Exceeded the limit
2023-07-20 10:45:49,181 - root - INFO - Transaction of Amount : 1500 Exceeded the limit 1000
2023-07-20 10:45:49,181 - root - ERROR - Transaction Limit Exceeded , Exception : Transaction limit exceeded
Traceback (most recent call last):
  File "/tmp/ipykernel_6900/1399156525.py", line 11, in process_transaction
    raise TransactionLimitExceeded("Transaction limit exceeded", amount, limit)
TransactionLimitExceeded: Transaction limit exceeded
2023-07-20 10:45:54,515 - root - INFO - Exception
2023-07-20 10:45:54,516 - root - INFO -  TypeError
2023-07-20 10:45:54,516 - root - INFO -   FloatOperation
2023-07-20 10:45:54,516 - root - INFO - Subclass: <class 'decimal.FloatOperation'>,level:1
2023-07-20 10:45:54,516 - root - INFO -   MultipartConversionError
2023-07-20 10:45:54,516 - root - INFO - Subclass: <class 'email.errors.MultipartConversionError'>,level:1
2023-07-20 10:45:54,516 - root - INFO - Subclass: <class 'TypeError'>,level:0
2023-07-20 10:45:54,516 - root - INFO -  StopAsyncIteration
2023-07-20 10:45:54,516 - root - INFO - Subclass: <class 'StopAsyncIteration'>,level:0
2023-07-20 10:45:54,516 - root - INFO -  StopIteration
2023-07-20 10:45:54,516 - root - INFO - Subclass: <class 'StopIteration'>,level:0
2023-07-20 10:45:54,516 - root - INFO -  ImportError
2023-07-20 10:45:54,516 - root - INFO -   ModuleNotFoundError
2023-07-20 10:45:54,516 - root - INFO - Subclass: <class 'ModuleNotFoundError'>,level:1
2023-07-20 10:45:54,516 - root - INFO -   ZipImportError
2023-07-20 10:45:54,516 - root - INFO - Subclass: <class 'zipimport.ZipImportError'>,level:1
2023-07-20 10:45:54,517 - root - INFO - Subclass: <class 'ImportError'>,level:0
2023-07-20 10:45:54,517 - root - INFO -  OSError
2023-07-20 10:45:54,517 - root - INFO -   ConnectionError
2023-07-20 10:45:54,517 - root - INFO -    BrokenPipeError
2023-07-20 10:45:54,517 - root - INFO - Subclass: <class 'BrokenPipeError'>,level:2
2023-07-20 10:45:54,517 - root - INFO -    ConnectionAbortedError
2023-07-20 10:45:54,517 - root - INFO - Subclass: <class 'ConnectionAbortedError'>,level:2
2023-07-20 10:45:54,517 - root - INFO -    ConnectionRefusedError
2023-07-20 10:45:54,517 - root - INFO - Subclass: <class 'ConnectionRefusedError'>,level:2
2023-07-20 10:45:54,517 - root - INFO -    ConnectionResetError
2023-07-20 10:45:54,517 - root - INFO -     RemoteDisconnected
2023-07-20 10:45:54,517 - root - INFO - Subclass: <class 'http.client.RemoteDisconnected'>,level:3
2023-07-20 10:45:54,517 - root - INFO - Subclass: <class 'ConnectionResetError'>,level:2
2023-07-20 10:45:54,517 - root - INFO - Subclass: <class 'ConnectionError'>,level:1
2023-07-20 10:45:54,517 - root - INFO -   BlockingIOError
2023-07-20 10:45:54,517 - root - INFO - Subclass: <class 'BlockingIOError'>,level:1
2023-07-20 10:45:54,517 - root - INFO -   ChildProcessError
2023-07-20 10:45:54,518 - root - INFO - Subclass: <class 'ChildProcessError'>,level:1
2023-07-20 10:45:54,518 - root - INFO -   FileExistsError
2023-07-20 10:45:54,518 - root - INFO - Subclass: <class 'FileExistsError'>,level:1
2023-07-20 10:45:54,518 - root - INFO -   FileNotFoundError
2023-07-20 10:45:54,518 - root - INFO - Subclass: <class 'FileNotFoundError'>,level:1
2023-07-20 10:45:54,518 - root - INFO -   IsADirectoryError
2023-07-20 10:45:54,518 - root - INFO - Subclass: <class 'IsADirectoryError'>,level:1
2023-07-20 10:45:54,518 - root - INFO -   NotADirectoryError
2023-07-20 10:45:54,518 - root - INFO - Subclass: <class 'NotADirectoryError'>,level:1
2023-07-20 10:45:54,518 - root - INFO -   InterruptedError
2023-07-20 10:45:54,519 - root - INFO -    InterruptedSystemCall
2023-07-20 10:45:54,519 - root - INFO - Subclass: <class 'zmq.error.InterruptedSystemCall'>,level:2
2023-07-20 10:45:54,519 - root - INFO - Subclass: <class 'InterruptedError'>,level:1
2023-07-20 10:45:54,519 - root - INFO -   PermissionError
2023-07-20 10:45:54,519 - root - INFO - Subclass: <class 'PermissionError'>,level:1
2023-07-20 10:45:54,519 - root - INFO -   ProcessLookupError
2023-07-20 10:45:54,519 - root - INFO - Subclass: <class 'ProcessLookupError'>,level:1
2023-07-20 10:45:54,519 - root - INFO -   TimeoutError
2023-07-20 10:45:54,519 - root - INFO - Subclass: <class 'TimeoutError'>,level:1
2023-07-20 10:45:54,520 - root - INFO -   UnsupportedOperation
2023-07-20 10:45:54,520 - root - INFO - Subclass: <class 'io.UnsupportedOperation'>,level:1
2023-07-20 10:45:54,520 - root - INFO -   itimer_error
2023-07-20 10:45:54,520 - root - INFO - Subclass: <class 'signal.itimer_error'>,level:1
2023-07-20 10:45:54,520 - root - INFO -   herror
2023-07-20 10:45:54,520 - root - INFO - Subclass: <class 'socket.herror'>,level:1
2023-07-20 10:45:54,520 - root - INFO -   gaierror
2023-07-20 10:45:54,520 - root - INFO - Subclass: <class 'socket.gaierror'>,level:1
2023-07-20 10:45:54,520 - root - INFO -   SSLError
2023-07-20 10:45:54,520 - root - INFO -    SSLCertVerificationError
2023-07-20 10:45:54,520 - root - INFO - Subclass: <class 'ssl.SSLCertVerificationError'>,level:2
2023-07-20 10:45:54,520 - root - INFO -    SSLZeroReturnError
2023-07-20 10:45:54,520 - root - INFO - Subclass: <class 'ssl.SSLZeroReturnError'>,level:2
2023-07-20 10:45:54,520 - root - INFO -    SSLWantWriteError
2023-07-20 10:45:54,520 - root - INFO - Subclass: <class 'ssl.SSLWantWriteError'>,level:2
2023-07-20 10:45:54,520 - root - INFO -    SSLWantReadError
2023-07-20 10:45:54,520 - root - INFO - Subclass: <class 'ssl.SSLWantReadError'>,level:2
2023-07-20 10:45:54,521 - root - INFO -    SSLSyscallError
2023-07-20 10:45:54,521 - root - INFO - Subclass: <class 'ssl.SSLSyscallError'>,level:2
2023-07-20 10:45:54,521 - root - INFO -    SSLEOFError
2023-07-20 10:45:54,521 - root - INFO - Subclass: <class 'ssl.SSLEOFError'>,level:2
2023-07-20 10:45:54,521 - root - INFO - Subclass: <class 'ssl.SSLError'>,level:1
2023-07-20 10:45:54,521 - root - INFO -   Error
2023-07-20 10:45:54,521 - root - INFO -    SameFileError
2023-07-20 10:45:54,521 - root - INFO - Subclass: <class 'shutil.SameFileError'>,level:2
2023-07-20 10:45:54,521 - root - INFO - Subclass: <class 'shutil.Error'>,level:1
2023-07-20 10:45:54,521 - root - INFO -   SpecialFileError
2023-07-20 10:45:54,521 - root - INFO - Subclass: <class 'shutil.SpecialFileError'>,level:1
2023-07-20 10:45:54,521 - root - INFO -   ExecError
2023-07-20 10:45:54,521 - root - INFO - Subclass: <class 'shutil.ExecError'>,level:1
2023-07-20 10:45:54,521 - root - INFO -   ReadError
2023-07-20 10:45:54,521 - root - INFO - Subclass: <class 'shutil.ReadError'>,level:1
2023-07-20 10:45:54,521 - root - INFO -   URLError
2023-07-20 10:45:54,521 - root - INFO -    HTTPError
2023-07-20 10:45:54,522 - root - INFO - Subclass: <class 'urllib.error.HTTPError'>,level:2
2023-07-20 10:45:54,522 - root - INFO -    ContentTooShortError
2023-07-20 10:45:54,522 - root - INFO - Subclass: <class 'urllib.error.ContentTooShortError'>,level:2
2023-07-20 10:45:54,522 - root - INFO - Subclass: <class 'urllib.error.URLError'>,level:1
2023-07-20 10:45:54,522 - root - INFO -   BadGzipFile
2023-07-20 10:45:54,522 - root - INFO - Subclass: <class 'gzip.BadGzipFile'>,level:1
2023-07-20 10:45:54,522 - root - INFO - Subclass: <class 'OSError'>,level:0
2023-07-20 10:45:54,522 - root - INFO -  EOFError
2023-07-20 10:45:54,522 - root - INFO -   IncompleteReadError
2023-07-20 10:45:54,522 - root - INFO - Subclass: <class 'asyncio.exceptions.IncompleteReadError'>,level:1
2023-07-20 10:45:54,522 - root - INFO - Subclass: <class 'EOFError'>,level:0
2023-07-20 10:45:54,522 - root - INFO -  RuntimeError
2023-07-20 10:45:54,522 - root - INFO -   RecursionError
2023-07-20 10:45:54,522 - root - INFO - Subclass: <class 'RecursionError'>,level:1
2023-07-20 10:45:54,522 - root - INFO -   NotImplementedError
2023-07-20 10:45:54,522 - root - INFO -    ZMQVersionError
2023-07-20 10:45:54,522 - root - INFO - Subclass: <class 'zmq.error.ZMQVersionError'>,level:2
2023-07-20 10:45:54,523 - root - INFO -    StdinNotImplementedError
2023-07-20 10:45:54,523 - root - INFO - Subclass: <class 'IPython.core.error.StdinNotImplementedError'>,level:2
2023-07-20 10:45:54,523 - root - INFO - Subclass: <class 'NotImplementedError'>,level:1
2023-07-20 10:45:54,523 - root - INFO -   _DeadlockError
2023-07-20 10:45:54,523 - root - INFO - Subclass: <class '_frozen_importlib._DeadlockError'>,level:1
2023-07-20 10:45:54,523 - root - INFO -   BrokenBarrierError
2023-07-20 10:45:54,523 - root - INFO - Subclass: <class 'threading.BrokenBarrierError'>,level:1
2023-07-20 10:45:54,523 - root - INFO -   BrokenExecutor
2023-07-20 10:45:54,523 - root - INFO -    BrokenThreadPool
2023-07-20 10:45:54,523 - root - INFO - Subclass: <class 'concurrent.futures.thread.BrokenThreadPool'>,level:2
2023-07-20 10:45:54,523 - root - INFO - Subclass: <class 'concurrent.futures._base.BrokenExecutor'>,level:1
2023-07-20 10:45:54,523 - root - INFO -   SendfileNotAvailableError
2023-07-20 10:45:54,523 - root - INFO - Subclass: <class 'asyncio.exceptions.SendfileNotAvailableError'>,level:1
2023-07-20 10:45:54,524 - root - INFO -   ExtractionError
2023-07-20 10:45:54,524 - root - INFO - Subclass: <class 'pkg_resources.ExtractionError'>,level:1
2023-07-20 10:45:54,524 - root - INFO -   VariableError
2023-07-20 10:45:54,524 - root - INFO - Subclass: <class '_pydevd_bundle.pydevd_vars.VariableError'>,level:1
2023-07-20 10:45:54,524 - root - INFO - Subclass: <class 'RuntimeError'>,level:0
2023-07-20 10:45:54,524 - root - INFO -  NameError
2023-07-20 10:45:54,524 - root - INFO -   UnboundLocalError
2023-07-20 10:45:54,524 - root - INFO - Subclass: <class 'UnboundLocalError'>,level:1
2023-07-20 10:45:54,524 - root - INFO - Subclass: <class 'NameError'>,level:0
2023-07-20 10:45:54,524 - root - INFO -  AttributeError
2023-07-20 10:45:54,524 - root - INFO -   FrozenInstanceError
2023-07-20 10:45:54,524 - root - INFO - Subclass: <class 'dataclasses.FrozenInstanceError'>,level:1
2023-07-20 10:45:54,524 - root - INFO - Subclass: <class 'AttributeError'>,level:0
2023-07-20 10:45:54,524 - root - INFO -  SyntaxError
2023-07-20 10:45:54,524 - root - INFO -   IndentationError
2023-07-20 10:45:54,524 - root - INFO -    TabError
2023-07-20 10:45:54,525 - root - INFO - Subclass: <class 'TabError'>,level:2
2023-07-20 10:45:54,525 - root - INFO - Subclass: <class 'IndentationError'>,level:1
2023-07-20 10:45:54,525 - root - INFO - Subclass: <class 'SyntaxError'>,level:0
2023-07-20 10:45:54,525 - root - INFO -  LookupError
2023-07-20 10:45:54,525 - root - INFO -   IndexError
2023-07-20 10:45:54,525 - root - INFO - Subclass: <class 'IndexError'>,level:1
2023-07-20 10:45:54,525 - root - INFO -   KeyError
2023-07-20 10:45:54,525 - root - INFO -    NoSuchKernel
2023-07-20 10:45:54,525 - root - INFO - Subclass: <class 'jupyter_client.kernelspec.NoSuchKernel'>,level:2
2023-07-20 10:45:54,525 - root - INFO -    UnknownBackend
2023-07-20 10:45:54,525 - root - INFO - Subclass: <class 'IPython.terminal.pt_inputhooks.UnknownBackend'>,level:2
2023-07-20 10:45:54,525 - root - INFO - Subclass: <class 'KeyError'>,level:1
2023-07-20 10:45:54,525 - root - INFO -   CodecRegistryError
2023-07-20 10:45:54,525 - root - INFO - Subclass: <class 'encodings.CodecRegistryError'>,level:1
2023-07-20 10:45:54,525 - root - INFO - Subclass: <class 'LookupError'>,level:0
2023-07-20 10:45:54,525 - root - INFO -  ValueError
2023-07-20 10:45:54,525 - root - INFO -   UnicodeError
2023-07-20 10:45:54,526 - root - INFO -    UnicodeEncodeError
2023-07-20 10:45:54,526 - root - INFO - Subclass: <class 'UnicodeEncodeError'>,level:2
2023-07-20 10:45:54,526 - root - INFO -    UnicodeDecodeError
2023-07-20 10:45:54,526 - root - INFO - Subclass: <class 'UnicodeDecodeError'>,level:2
2023-07-20 10:45:54,526 - root - INFO -    UnicodeTranslateError
2023-07-20 10:45:54,526 - root - INFO - Subclass: <class 'UnicodeTranslateError'>,level:2
2023-07-20 10:45:54,526 - root - INFO - Subclass: <class 'UnicodeError'>,level:1
2023-07-20 10:45:54,526 - root - INFO -   UnsupportedOperation
2023-07-20 10:45:54,526 - root - INFO - Subclass: <class 'io.UnsupportedOperation'>,level:1
2023-07-20 10:45:54,526 - root - INFO -   JSONDecodeError
2023-07-20 10:45:54,527 - root - INFO - Subclass: <class 'json.decoder.JSONDecodeError'>,level:1
2023-07-20 10:45:54,527 - root - INFO -   SSLCertVerificationError
2023-07-20 10:45:54,527 - root - INFO - Subclass: <class 'ssl.SSLCertVerificationError'>,level:1
2023-07-20 10:45:54,527 - root - INFO -   Error
2023-07-20 10:45:54,527 - root - INFO - Subclass: <class 'binascii.Error'>,level:1
2023-07-20 10:45:54,527 - root - INFO -   UnsupportedDigestmodError
2023-07-20 10:45:54,527 - root - INFO - Subclass: <class '_hashlib.UnsupportedDigestmodError'>,level:1
2023-07-20 10:45:54,527 - root - INFO -   IllegalMonthError
2023-07-20 10:45:54,527 - root - INFO - Subclass: <class 'calendar.IllegalMonthError'>,level:1
2023-07-20 10:45:54,527 - root - INFO -   IllegalWeekdayError
2023-07-20 10:45:54,527 - root - INFO - Subclass: <class 'calendar.IllegalWeekdayError'>,level:1
2023-07-20 10:45:54,527 - root - INFO -   ParserError
2023-07-20 10:45:54,527 - root - INFO - Subclass: <class 'dateutil.parser._parser.ParserError'>,level:1
2023-07-20 10:45:54,527 - root - INFO -   ClassNotFound
2023-07-20 10:45:54,527 - root - INFO - Subclass: <class 'pygments.util.ClassNotFound'>,level:1
2023-07-20 10:45:54,527 - root - INFO -   ClipboardEmpty
2023-07-20 10:45:54,527 - root - INFO - Subclass: <class 'IPython.lib.clipboard.ClipboardEmpty'>,level:1
2023-07-20 10:45:54,527 - root - INFO -   MessageDefect
2023-07-20 10:45:54,527 - root - INFO -    NoBoundaryInMultipartDefect
2023-07-20 10:45:54,527 - root - INFO - Subclass: <class 'email.errors.NoBoundaryInMultipartDefect'>,level:2
2023-07-20 10:45:54,527 - root - INFO -    StartBoundaryNotFoundDefect
2023-07-20 10:45:54,527 - root - INFO - Subclass: <class 'email.errors.StartBoundaryNotFoundDefect'>,level:2
2023-07-20 10:45:54,528 - root - INFO -    CloseBoundaryNotFoundDefect
2023-07-20 10:45:54,528 - root - INFO - Subclass: <class 'email.errors.CloseBoundaryNotFoundDefect'>,level:2
2023-07-20 10:45:54,528 - root - INFO -    FirstHeaderLineIsContinuationDefect
2023-07-20 10:45:54,528 - root - INFO - Subclass: <class 'email.errors.FirstHeaderLineIsContinuationDefect'>,level:2
2023-07-20 10:45:54,528 - root - INFO -    MisplacedEnvelopeHeaderDefect
2023-07-20 10:45:54,528 - root - INFO - Subclass: <class 'email.errors.MisplacedEnvelopeHeaderDefect'>,level:2
2023-07-20 10:45:54,528 - root - INFO -    MissingHeaderBodySeparatorDefect
2023-07-20 10:45:54,528 - root - INFO - Subclass: <class 'email.errors.MissingHeaderBodySeparatorDefect'>,level:2
2023-07-20 10:45:54,528 - root - INFO -    MultipartInvariantViolationDefect
2023-07-20 10:45:54,528 - root - INFO - Subclass: <class 'email.errors.MultipartInvariantViolationDefect'>,level:2
2023-07-20 10:45:54,528 - root - INFO -    InvalidMultipartContentTransferEncodingDefect
2023-07-20 10:45:54,528 - root - INFO - Subclass: <class 'email.errors.InvalidMultipartContentTransferEncodingDefect'>,level:2
2023-07-20 10:45:54,528 - root - INFO -    UndecodableBytesDefect
2023-07-20 10:45:54,528 - root - INFO - Subclass: <class 'email.errors.UndecodableBytesDefect'>,level:2
2023-07-20 10:45:54,528 - root - INFO -    InvalidBase64PaddingDefect
2023-07-20 10:45:54,528 - root - INFO - Subclass: <class 'email.errors.InvalidBase64PaddingDefect'>,level:2
2023-07-20 10:45:54,528 - root - INFO -    InvalidBase64CharactersDefect
2023-07-20 10:45:54,528 - root - INFO - Subclass: <class 'email.errors.InvalidBase64CharactersDefect'>,level:2
2023-07-20 10:45:54,528 - root - INFO -    InvalidBase64LengthDefect
2023-07-20 10:45:54,528 - root - INFO - Subclass: <class 'email.errors.InvalidBase64LengthDefect'>,level:2
2023-07-20 10:45:54,528 - root - INFO -    HeaderDefect
2023-07-20 10:45:54,528 - root - INFO -     InvalidHeaderDefect
2023-07-20 10:45:54,528 - root - INFO - Subclass: <class 'email.errors.InvalidHeaderDefect'>,level:3
2023-07-20 10:45:54,528 - root - INFO -     HeaderMissingRequiredValue
2023-07-20 10:45:54,529 - root - INFO - Subclass: <class 'email.errors.HeaderMissingRequiredValue'>,level:3
2023-07-20 10:45:54,529 - root - INFO -     NonPrintableDefect
2023-07-20 10:45:54,529 - root - INFO - Subclass: <class 'email.errors.NonPrintableDefect'>,level:3
2023-07-20 10:45:54,529 - root - INFO -     ObsoleteHeaderDefect
2023-07-20 10:45:54,529 - root - INFO - Subclass: <class 'email.errors.ObsoleteHeaderDefect'>,level:3
2023-07-20 10:45:54,529 - root - INFO -     NonASCIILocalPartDefect
2023-07-20 10:45:54,529 - root - INFO - Subclass: <class 'email.errors.NonASCIILocalPartDefect'>,level:3
2023-07-20 10:45:54,529 - root - INFO -     InvalidDateDefect
2023-07-20 10:45:54,529 - root - INFO - Subclass: <class 'email.errors.InvalidDateDefect'>,level:3
2023-07-20 10:45:54,529 - root - INFO - Subclass: <class 'email.errors.HeaderDefect'>,level:2
2023-07-20 10:45:54,529 - root - INFO - Subclass: <class 'email.errors.MessageDefect'>,level:1
2023-07-20 10:45:54,529 - root - INFO -   MacroToEdit
2023-07-20 10:45:54,529 - root - INFO - Subclass: <class 'IPython.core.magics.code.MacroToEdit'>,level:1
2023-07-20 10:45:54,529 - root - INFO -   InvalidFileException
2023-07-20 10:45:54,529 - root - INFO - Subclass: <class 'plistlib.InvalidFileException'>,level:1
2023-07-20 10:45:54,529 - root - INFO -   UnequalIterablesError
2023-07-20 10:45:54,529 - root - INFO - Subclass: <class 'pkg_resources._vendor.more_itertools.more.UnequalIterablesError'>,level:1
2023-07-20 10:45:54,530 - root - INFO -   InvalidVersion
2023-07-20 10:45:54,530 - root - INFO - Subclass: <class 'pkg_resources.extern.packaging.version.InvalidVersion'>,level:1
2023-07-20 10:45:54,530 - root - INFO -   _InvalidELFFileHeader
2023-07-20 10:45:54,530 - root - INFO - Subclass: <class 'pkg_resources._vendor.packaging._manylinux._ELFFileHeader._InvalidELFFileHeader'>,level:1
2023-07-20 10:45:54,530 - root - INFO -   InvalidWheelFilename
2023-07-20 10:45:54,530 - root - INFO - Subclass: <class 'pkg_resources.extern.packaging.utils.InvalidWheelFilename'>,level:1
2023-07-20 10:45:54,530 - root - INFO -   InvalidSdistFilename
2023-07-20 10:45:54,530 - root - INFO - Subclass: <class 'pkg_resources.extern.packaging.utils.InvalidSdistFilename'>,level:1
2023-07-20 10:45:54,530 - root - INFO -   InvalidSpecifier
2023-07-20 10:45:54,530 - root - INFO - Subclass: <class 'pkg_resources.extern.packaging.specifiers.InvalidSpecifier'>,level:1
2023-07-20 10:45:54,530 - root - INFO -   InvalidMarker
2023-07-20 10:45:54,530 - root - INFO - Subclass: <class 'pkg_resources.extern.packaging.markers.InvalidMarker'>,level:1
2023-07-20 10:45:54,530 - root - INFO -   UndefinedComparison
2023-07-20 10:45:54,530 - root - INFO - Subclass: <class 'pkg_resources.extern.packaging.markers.UndefinedComparison'>,level:1
2023-07-20 10:45:54,530 - root - INFO -   UndefinedEnvironmentName
2023-07-20 10:45:54,530 - root - INFO - Subclass: <class 'pkg_resources.extern.packaging.markers.UndefinedEnvironmentName'>,level:1
2023-07-20 10:45:54,530 - root - INFO -   InvalidRequirement
2023-07-20 10:45:54,531 - root - INFO -    RequirementParseError
2023-07-20 10:45:54,531 - root - INFO - Subclass: <class 'pkg_resources.RequirementParseError'>,level:2
2023-07-20 10:45:54,531 - root - INFO - Subclass: <class 'pkg_resources.extern.packaging.requirements.InvalidRequirement'>,level:1
2023-07-20 10:45:54,531 - root - INFO -   InvalidVersion
2023-07-20 10:45:54,531 - root - INFO - Subclass: <class 'packaging.version.InvalidVersion'>,level:1
2023-07-20 10:45:54,531 - root - INFO - Subclass: <class 'ValueError'>,level:0
2023-07-20 10:45:54,531 - root - INFO -  AssertionError
2023-07-20 10:45:54,531 - root - INFO - Subclass: <class 'AssertionError'>,level:0
2023-07-20 10:45:54,531 - root - INFO -  ArithmeticError
2023-07-20 10:45:54,531 - root - INFO -   FloatingPointError
2023-07-20 10:45:54,531 - root - INFO - Subclass: <class 'FloatingPointError'>,level:1
2023-07-20 10:45:54,531 - root - INFO -   OverflowError
2023-07-20 10:45:54,531 - root - INFO - Subclass: <class 'OverflowError'>,level:1
2023-07-20 10:45:54,531 - root - INFO -   ZeroDivisionError
2023-07-20 10:45:54,531 - root - INFO -    DivisionByZero
2023-07-20 10:45:54,531 - root - INFO - Subclass: <class 'decimal.DivisionByZero'>,level:2
2023-07-20 10:45:54,531 - root - INFO -    DivisionUndefined
2023-07-20 10:45:54,532 - root - INFO - Subclass: <class 'decimal.DivisionUndefined'>,level:2
2023-07-20 10:45:54,532 - root - INFO - Subclass: <class 'ZeroDivisionError'>,level:1
2023-07-20 10:45:54,532 - root - INFO -   DecimalException
2023-07-20 10:45:54,532 - root - INFO -    Clamped
2023-07-20 10:45:54,532 - root - INFO - Subclass: <class 'decimal.Clamped'>,level:2
2023-07-20 10:45:54,532 - root - INFO -    Rounded
2023-07-20 10:45:54,532 - root - INFO -     Underflow
2023-07-20 10:45:54,532 - root - INFO - Subclass: <class 'decimal.Underflow'>,level:3
2023-07-20 10:45:54,532 - root - INFO -     Overflow
2023-07-20 10:45:54,532 - root - INFO - Subclass: <class 'decimal.Overflow'>,level:3
2023-07-20 10:45:54,532 - root - INFO - Subclass: <class 'decimal.Rounded'>,level:2
2023-07-20 10:45:54,532 - root - INFO -    Inexact
2023-07-20 10:45:54,532 - root - INFO -     Underflow
2023-07-20 10:45:54,532 - root - INFO - Subclass: <class 'decimal.Underflow'>,level:3
2023-07-20 10:45:54,532 - root - INFO -     Overflow
2023-07-20 10:45:54,532 - root - INFO - Subclass: <class 'decimal.Overflow'>,level:3
2023-07-20 10:45:54,532 - root - INFO - Subclass: <class 'decimal.Inexact'>,level:2
2023-07-20 10:45:54,532 - root - INFO -    Subnormal
2023-07-20 10:45:54,533 - root - INFO -     Underflow
2023-07-20 10:45:54,533 - root - INFO - Subclass: <class 'decimal.Underflow'>,level:3
2023-07-20 10:45:54,533 - root - INFO - Subclass: <class 'decimal.Subnormal'>,level:2
2023-07-20 10:45:54,533 - root - INFO -    DivisionByZero
2023-07-20 10:45:54,533 - root - INFO - Subclass: <class 'decimal.DivisionByZero'>,level:2
2023-07-20 10:45:54,533 - root - INFO -    FloatOperation
2023-07-20 10:45:54,533 - root - INFO - Subclass: <class 'decimal.FloatOperation'>,level:2
2023-07-20 10:45:54,533 - root - INFO -    InvalidOperation
2023-07-20 10:45:54,533 - root - INFO -     ConversionSyntax
2023-07-20 10:45:54,533 - root - INFO - Subclass: <class 'decimal.ConversionSyntax'>,level:3
2023-07-20 10:45:54,533 - root - INFO -     DivisionImpossible
2023-07-20 10:45:54,533 - root - INFO - Subclass: <class 'decimal.DivisionImpossible'>,level:3
2023-07-20 10:45:54,533 - root - INFO -     DivisionUndefined
2023-07-20 10:45:54,533 - root - INFO - Subclass: <class 'decimal.DivisionUndefined'>,level:3
2023-07-20 10:45:54,533 - root - INFO -     InvalidContext
2023-07-20 10:45:54,533 - root - INFO - Subclass: <class 'decimal.InvalidContext'>,level:3
2023-07-20 10:45:54,533 - root - INFO - Subclass: <class 'decimal.InvalidOperation'>,level:2
2023-07-20 10:45:54,533 - root - INFO - Subclass: <class 'decimal.DecimalException'>,level:1
2023-07-20 10:45:54,534 - root - INFO - Subclass: <class 'ArithmeticError'>,level:0
2023-07-20 10:45:54,534 - root - INFO -  SystemError
2023-07-20 10:45:54,534 - root - INFO -   CodecRegistryError
2023-07-20 10:45:54,534 - root - INFO - Subclass: <class 'encodings.CodecRegistryError'>,level:1
2023-07-20 10:45:54,534 - root - INFO - Subclass: <class 'SystemError'>,level:0
2023-07-20 10:45:54,534 - root - INFO -  ReferenceError
2023-07-20 10:45:54,534 - root - INFO - Subclass: <class 'ReferenceError'>,level:0
2023-07-20 10:45:54,534 - root - INFO -  MemoryError
2023-07-20 10:45:54,534 - root - INFO - Subclass: <class 'MemoryError'>,level:0
2023-07-20 10:45:54,534 - root - INFO -  BufferError
2023-07-20 10:45:54,534 - root - INFO - Subclass: <class 'BufferError'>,level:0
2023-07-20 10:45:54,534 - root - INFO -  Warning
2023-07-20 10:45:54,534 - root - INFO -   UserWarning
2023-07-20 10:45:54,534 - root - INFO -    GetPassWarning
2023-07-20 10:45:54,534 - root - INFO - Subclass: <class 'getpass.GetPassWarning'>,level:2
2023-07-20 10:45:54,534 - root - INFO -    FormatterWarning
2023-07-20 10:45:54,534 - root - INFO - Subclass: <class 'IPython.core.formatters.FormatterWarning'>,level:2
2023-07-20 10:45:54,535 - root - INFO - Subclass: <class 'UserWarning'>,level:1
2023-07-20 10:45:54,535 - root - INFO -   EncodingWarning
2023-07-20 10:45:54,535 - root - INFO - Subclass: <class 'EncodingWarning'>,level:1
2023-07-20 10:45:54,535 - root - INFO -   DeprecationWarning
2023-07-20 10:45:54,535 - root - INFO -    ProvisionalWarning
2023-07-20 10:45:54,535 - root - INFO - Subclass: <class 'IPython.core.interactiveshell.ProvisionalWarning'>,level:2
2023-07-20 10:45:54,535 - root - INFO - Subclass: <class 'DeprecationWarning'>,level:1
2023-07-20 10:45:54,535 - root - INFO -   PendingDeprecationWarning
2023-07-20 10:45:54,535 - root - INFO - Subclass: <class 'PendingDeprecationWarning'>,level:1
2023-07-20 10:45:54,535 - root - INFO -   SyntaxWarning
2023-07-20 10:45:54,535 - root - INFO - Subclass: <class 'SyntaxWarning'>,level:1
2023-07-20 10:45:54,535 - root - INFO -   RuntimeWarning
2023-07-20 10:45:54,535 - root - INFO -    ProactorSelectorThreadWarning
2023-07-20 10:45:54,535 - root - INFO - Subclass: <class 'zmq.asyncio.ProactorSelectorThreadWarning'>,level:2
2023-07-20 10:45:54,535 - root - INFO -    UnknownTimezoneWarning
2023-07-20 10:45:54,535 - root - INFO - Subclass: <class 'dateutil.parser._parser.UnknownTimezoneWarning'>,level:2
2023-07-20 10:45:54,535 - root - INFO -    PEP440Warning
2023-07-20 10:45:54,535 - root - INFO - Subclass: <class 'pkg_resources.PEP440Warning'>,level:2
2023-07-20 10:45:54,536 - root - INFO - Subclass: <class 'RuntimeWarning'>,level:1
2023-07-20 10:45:54,536 - root - INFO -   FutureWarning
2023-07-20 10:45:54,536 - root - INFO -    ProvisionalCompleterWarning
2023-07-20 10:45:54,536 - root - INFO - Subclass: <class 'IPython.core.completer.ProvisionalCompleterWarning'>,level:2
2023-07-20 10:45:54,536 - root - INFO - Subclass: <class 'FutureWarning'>,level:1
2023-07-20 10:45:54,536 - root - INFO -   ImportWarning
2023-07-20 10:45:54,536 - root - INFO - Subclass: <class 'ImportWarning'>,level:1
2023-07-20 10:45:54,536 - root - INFO -   UnicodeWarning
2023-07-20 10:45:54,536 - root - INFO - Subclass: <class 'UnicodeWarning'>,level:1
2023-07-20 10:45:54,536 - root - INFO -   BytesWarning
2023-07-20 10:45:54,536 - root - INFO - Subclass: <class 'BytesWarning'>,level:1
2023-07-20 10:45:54,536 - root - INFO -   ResourceWarning
2023-07-20 10:45:54,536 - root - INFO - Subclass: <class 'ResourceWarning'>,level:1
2023-07-20 10:45:54,536 - root - INFO -   DeprecatedTzFormatWarning
2023-07-20 10:45:54,536 - root - INFO - Subclass: <class 'dateutil.tz.DeprecatedTzFormatWarning'>,level:1
2023-07-20 10:45:54,536 - root - INFO -   PkgResourcesDeprecationWarning
2023-07-20 10:45:54,536 - root - INFO - Subclass: <class 'pkg_resources.PkgResourcesDeprecationWarning'>,level:1
2023-07-20 10:45:54,536 - root - INFO - Subclass: <class 'Warning'>,level:0
2023-07-20 10:45:54,537 - root - INFO -  _OptionError
2023-07-20 10:45:54,537 - root - INFO - Subclass: <class 'warnings._OptionError'>,level:0
2023-07-20 10:45:54,537 - root - INFO -  _Error
2023-07-20 10:45:54,537 - root - INFO - Subclass: <class 'runpy._Error'>,level:0
2023-07-20 10:45:54,537 - root - INFO -  error
2023-07-20 10:45:54,537 - root - INFO - Subclass: <class 're.error'>,level:0
2023-07-20 10:45:54,537 - root - INFO -  Verbose
2023-07-20 10:45:54,537 - root - INFO - Subclass: <class 'sre_parse.Verbose'>,level:0
2023-07-20 10:45:54,537 - root - INFO -  Error
2023-07-20 10:45:54,537 - root - INFO - Subclass: <class 'locale.Error'>,level:0
2023-07-20 10:45:54,537 - root - INFO -  SubprocessError
2023-07-20 10:45:54,537 - root - INFO -   CalledProcessError
2023-07-20 10:45:54,537 - root - INFO - Subclass: <class 'subprocess.CalledProcessError'>,level:1
2023-07-20 10:45:54,537 - root - INFO -   TimeoutExpired
2023-07-20 10:45:54,537 - root - INFO - Subclass: <class 'subprocess.TimeoutExpired'>,level:1
2023-07-20 10:45:54,537 - root - INFO - Subclass: <class 'subprocess.SubprocessError'>,level:0
2023-07-20 10:45:54,537 - root - INFO -  TokenError
2023-07-20 10:45:54,537 - root - INFO - Subclass: <class 'tokenize.TokenError'>,level:0
2023-07-20 10:45:54,538 - root - INFO -  StopTokenizing
2023-07-20 10:45:54,538 - root - INFO - Subclass: <class 'tokenize.StopTokenizing'>,level:0
2023-07-20 10:45:54,538 - root - INFO -  ClassFoundException
2023-07-20 10:45:54,538 - root - INFO - Subclass: <class 'inspect.ClassFoundException'>,level:0
2023-07-20 10:45:54,538 - root - INFO -  EndOfBlock
2023-07-20 10:45:54,538 - root - INFO - Subclass: <class 'inspect.EndOfBlock'>,level:0
2023-07-20 10:45:54,538 - root - INFO -  TraitError
2023-07-20 10:45:54,538 - root - INFO - Subclass: <class 'traitlets.traitlets.TraitError'>,level:0
2023-07-20 10:45:54,538 - root - INFO -  Error
2023-07-20 10:45:54,538 - root - INFO - Subclass: <class 'copy.Error'>,level:0
2023-07-20 10:45:54,538 - root - INFO -  Error
2023-07-20 10:45:54,538 - root - INFO -   CancelledError
2023-07-20 10:45:54,538 - root - INFO - Subclass: <class 'concurrent.futures._base.CancelledError'>,level:1
2023-07-20 10:45:54,538 - root - INFO -   TimeoutError
2023-07-20 10:45:54,538 - root - INFO - Subclass: <class 'concurrent.futures._base.TimeoutError'>,level:1
2023-07-20 10:45:54,538 - root - INFO -   InvalidStateError
2023-07-20 10:45:54,538 - root - INFO - Subclass: <class 'concurrent.futures._base.InvalidStateError'>,level:1
2023-07-20 10:45:54,538 - root - INFO - Subclass: <class 'concurrent.futures._base.Error'>,level:0
2023-07-20 10:45:54,539 - root - INFO -  _GiveupOnSendfile
2023-07-20 10:45:54,539 - root - INFO - Subclass: <class 'socket._GiveupOnSendfile'>,level:0
2023-07-20 10:45:54,539 - root - INFO -  error
2023-07-20 10:45:54,539 - root - INFO - Subclass: <class 'struct.error'>,level:0
2023-07-20 10:45:54,539 - root - INFO -  Incomplete
2023-07-20 10:45:54,539 - root - INFO - Subclass: <class 'binascii.Incomplete'>,level:0
2023-07-20 10:45:54,539 - root - INFO -  TimeoutError
2023-07-20 10:45:54,539 - root - INFO - Subclass: <class 'asyncio.exceptions.TimeoutError'>,level:0
2023-07-20 10:45:54,539 - root - INFO -  InvalidStateError
2023-07-20 10:45:54,539 - root - INFO - Subclass: <class 'asyncio.exceptions.InvalidStateError'>,level:0
2023-07-20 10:45:54,539 - root - INFO -  LimitOverrunError
2023-07-20 10:45:54,539 - root - INFO - Subclass: <class 'asyncio.exceptions.LimitOverrunError'>,level:0
2023-07-20 10:45:54,539 - root - INFO -  QueueEmpty
2023-07-20 10:45:54,539 - root - INFO - Subclass: <class 'asyncio.queues.QueueEmpty'>,level:0
2023-07-20 10:45:54,539 - root - INFO -  QueueFull
2023-07-20 10:45:54,539 - root - INFO - Subclass: <class 'asyncio.queues.QueueFull'>,level:0
2023-07-20 10:45:54,539 - root - INFO -  Empty
2023-07-20 10:45:54,539 - root - INFO - Subclass: <class '_queue.Empty'>,level:0
2023-07-20 10:45:54,540 - root - INFO -  Full
2023-07-20 10:45:54,540 - root - INFO - Subclass: <class 'queue.Full'>,level:0
2023-07-20 10:45:54,540 - root - INFO -  ArgumentError
2023-07-20 10:45:54,540 - root - INFO - Subclass: <class 'ctypes.ArgumentError'>,level:0
2023-07-20 10:45:54,540 - root - INFO -  ZMQBaseError
2023-07-20 10:45:54,540 - root - INFO -   ZMQError
2023-07-20 10:45:54,540 - root - INFO -    ContextTerminated
2023-07-20 10:45:54,540 - root - INFO - Subclass: <class 'zmq.error.ContextTerminated'>,level:2
2023-07-20 10:45:54,540 - root - INFO -    Again
2023-07-20 10:45:54,540 - root - INFO - Subclass: <class 'zmq.error.Again'>,level:2
2023-07-20 10:45:54,540 - root - INFO -    InterruptedSystemCall
2023-07-20 10:45:54,540 - root - INFO - Subclass: <class 'zmq.error.InterruptedSystemCall'>,level:2
2023-07-20 10:45:54,540 - root - INFO - Subclass: <class 'zmq.error.ZMQError'>,level:1
2023-07-20 10:45:54,540 - root - INFO -   ZMQBindError
2023-07-20 10:45:54,540 - root - INFO - Subclass: <class 'zmq.error.ZMQBindError'>,level:1
2023-07-20 10:45:54,540 - root - INFO -   NotDone
2023-07-20 10:45:54,540 - root - INFO - Subclass: <class 'zmq.error.NotDone'>,level:1
2023-07-20 10:45:54,540 - root - INFO - Subclass: <class 'zmq.error.ZMQBaseError'>,level:0
2023-07-20 10:45:54,541 - root - INFO -  PickleError
2023-07-20 10:45:54,541 - root - INFO -   PicklingError
2023-07-20 10:45:54,541 - root - INFO - Subclass: <class '_pickle.PicklingError'>,level:1
2023-07-20 10:45:54,541 - root - INFO -   UnpicklingError
2023-07-20 10:45:54,541 - root - INFO - Subclass: <class '_pickle.UnpicklingError'>,level:1
2023-07-20 10:45:54,541 - root - INFO - Subclass: <class '_pickle.PickleError'>,level:0
2023-07-20 10:45:54,541 - root - INFO -  _Stop
2023-07-20 10:45:54,541 - root - INFO - Subclass: <class 'pickle._Stop'>,level:0
2023-07-20 10:45:54,541 - root - INFO -  ArgumentError
2023-07-20 10:45:54,541 - root - INFO - Subclass: <class 'argparse.ArgumentError'>,level:0
2023-07-20 10:45:54,541 - root - INFO -  ArgumentTypeError
2023-07-20 10:45:54,541 - root - INFO - Subclass: <class 'argparse.ArgumentTypeError'>,level:0
2023-07-20 10:45:54,541 - root - INFO -  ConfigError
2023-07-20 10:45:54,541 - root - INFO -   ConfigLoaderError
2023-07-20 10:45:54,541 - root - INFO -    ArgumentError
2023-07-20 10:45:54,542 - root - INFO - Subclass: <class 'traitlets.config.loader.ArgumentError'>,level:2
2023-07-20 10:45:54,542 - root - INFO - Subclass: <class 'traitlets.config.loader.ConfigLoaderError'>,level:1
2023-07-20 10:45:54,542 - root - INFO -   ConfigFileNotFound
2023-07-20 10:45:54,542 - root - INFO - Subclass: <class 'traitlets.config.loader.ConfigFileNotFound'>,level:1
2023-07-20 10:45:54,542 - root - INFO - Subclass: <class 'traitlets.config.loader.ConfigError'>,level:0
2023-07-20 10:45:54,542 - root - INFO -  ConfigurableError
2023-07-20 10:45:54,542 - root - INFO -   MultipleInstanceError
2023-07-20 10:45:54,542 - root - INFO - Subclass: <class 'traitlets.config.configurable.MultipleInstanceError'>,level:1
2023-07-20 10:45:54,542 - root - INFO - Subclass: <class 'traitlets.config.configurable.ConfigurableError'>,level:0
2023-07-20 10:45:54,542 - root - INFO -  ApplicationError
2023-07-20 10:45:54,542 - root - INFO - Subclass: <class 'traitlets.config.application.ApplicationError'>,level:0
2023-07-20 10:45:54,542 - root - INFO -  error
2023-07-20 10:45:54,542 - root - INFO - Subclass: <class 'zlib.error'>,level:0
2023-07-20 10:45:54,542 - root - INFO -  TimeoutError
2023-07-20 10:45:54,542 - root - INFO - Subclass: <class 'tornado.util.TimeoutError'>,level:0
2023-07-20 10:45:54,542 - root - INFO -  error
2023-07-20 10:45:54,542 - root - INFO - Subclass: <class '_curses.error'>,level:0
2023-07-20 10:45:54,542 - root - INFO -  ReturnValueIgnoredError
2023-07-20 10:45:54,543 - root - INFO - Subclass: <class 'tornado.concurrent.ReturnValueIgnoredError'>,level:0
2023-07-20 10:45:54,543 - root - INFO -  KeyReuseError
2023-07-20 10:45:54,543 - root - INFO - Subclass: <class 'tornado.gen.KeyReuseError'>,level:0
2023-07-20 10:45:54,543 - root - INFO -  UnknownKeyError
2023-07-20 10:45:54,543 - root - INFO - Subclass: <class 'tornado.gen.UnknownKeyError'>,level:0
2023-07-20 10:45:54,543 - root - INFO -  LeakedCallbackError
2023-07-20 10:45:54,543 - root - INFO - Subclass: <class 'tornado.gen.LeakedCallbackError'>,level:0
2023-07-20 10:45:54,543 - root - INFO -  BadYieldError
2023-07-20 10:45:54,543 - root - INFO - Subclass: <class 'tornado.gen.BadYieldError'>,level:0
2023-07-20 10:45:54,543 - root - INFO -  ReturnValueIgnoredError
2023-07-20 10:45:54,543 - root - INFO - Subclass: <class 'tornado.gen.ReturnValueIgnoredError'>,level:0
2023-07-20 10:45:54,543 - root - INFO -  Return
2023-07-20 10:45:54,543 - root - INFO - Subclass: <class 'tornado.gen.Return'>,level:0
2023-07-20 10:45:54,543 - root - INFO -  InvalidPortNumber
2023-07-20 10:45:54,543 - root - INFO - Subclass: <class 'jupyter_client.channels.InvalidPortNumber'>,level:0
2023-07-20 10:45:54,543 - root - INFO -  error
2023-07-20 10:45:54,543 - root - INFO - Subclass: <class 'termios.error'>,level:0
2023-07-20 10:45:54,544 - root - INFO -  LZMAError
2023-07-20 10:45:54,544 - root - INFO - Subclass: <class '_lzma.LZMAError'>,level:0
2023-07-20 10:45:54,544 - root - INFO -  RegistryError
2023-07-20 10:45:54,544 - root - INFO - Subclass: <class 'shutil.RegistryError'>,level:0
2023-07-20 10:45:54,544 - root - INFO -  _GiveupOnFastCopy
2023-07-20 10:45:54,544 - root - INFO - Subclass: <class 'shutil._GiveupOnFastCopy'>,level:0
2023-07-20 10:45:54,544 - root - INFO -  Error
2023-07-20 10:45:54,544 - root - INFO -   NoSectionError
2023-07-20 10:45:54,544 - root - INFO - Subclass: <class 'configparser.NoSectionError'>,level:1
2023-07-20 10:45:54,544 - root - INFO -   DuplicateSectionError
2023-07-20 10:45:54,544 - root - INFO - Subclass: <class 'configparser.DuplicateSectionError'>,level:1
2023-07-20 10:45:54,544 - root - INFO -   DuplicateOptionError
2023-07-20 10:45:54,544 - root - INFO - Subclass: <class 'configparser.DuplicateOptionError'>,level:1
2023-07-20 10:45:54,544 - root - INFO -   NoOptionError
2023-07-20 10:45:54,544 - root - INFO - Subclass: <class 'configparser.NoOptionError'>,level:1
2023-07-20 10:45:54,544 - root - INFO -   InterpolationError
2023-07-20 10:45:54,544 - root - INFO -    InterpolationMissingOptionError
2023-07-20 10:45:54,544 - root - INFO - Subclass: <class 'configparser.InterpolationMissingOptionError'>,level:2
2023-07-20 10:45:54,545 - root - INFO -    InterpolationSyntaxError
2023-07-20 10:45:54,545 - root - INFO - Subclass: <class 'configparser.InterpolationSyntaxError'>,level:2
2023-07-20 10:45:54,545 - root - INFO -    InterpolationDepthError
2023-07-20 10:45:54,545 - root - INFO - Subclass: <class 'configparser.InterpolationDepthError'>,level:2
2023-07-20 10:45:54,545 - root - INFO - Subclass: <class 'configparser.InterpolationError'>,level:1
2023-07-20 10:45:54,545 - root - INFO -   ParsingError
2023-07-20 10:45:54,545 - root - INFO -    MissingSectionHeaderError
2023-07-20 10:45:54,545 - root - INFO - Subclass: <class 'configparser.MissingSectionHeaderError'>,level:2
2023-07-20 10:45:54,545 - root - INFO - Subclass: <class 'configparser.ParsingError'>,level:1
2023-07-20 10:45:54,545 - root - INFO - Subclass: <class 'configparser.Error'>,level:0
2023-07-20 10:45:54,545 - root - INFO -  NoIPAddresses
2023-07-20 10:45:54,545 - root - INFO - Subclass: <class 'jupyter_client.localinterfaces.NoIPAddresses'>,level:0
2023-07-20 10:45:54,545 - root - INFO -  BadZipFile
2023-07-20 10:45:54,545 - root - INFO - Subclass: <class 'zipfile.BadZipFile'>,level:0
2023-07-20 10:45:54,545 - root - INFO -  LargeZipFile
2023-07-20 10:45:54,545 - root - INFO - Subclass: <class 'zipfile.LargeZipFile'>,level:0
2023-07-20 10:45:54,545 - root - INFO -  BadEntryPoint
2023-07-20 10:45:54,546 - root - INFO - Subclass: <class 'entrypoints.BadEntryPoint'>,level:0
2023-07-20 10:45:54,546 - root - INFO -  NoSuchEntryPoint
2023-07-20 10:45:54,546 - root - INFO - Subclass: <class 'entrypoints.NoSuchEntryPoint'>,level:0
2023-07-20 10:45:54,546 - root - INFO -  DuplicateKernelError
2023-07-20 10:45:54,546 - root - INFO - Subclass: <class 'jupyter_client.multikernelmanager.DuplicateKernelError'>,level:0
2023-07-20 10:45:54,546 - root - INFO -  ErrorDuringImport
2023-07-20 10:45:54,546 - root - INFO - Subclass: <class 'pydoc.ErrorDuringImport'>,level:0
2023-07-20 10:45:54,546 - root - INFO -  NotOneValueFound
2023-07-20 10:45:54,546 - root - INFO - Subclass: <class 'executing.executing.NotOneValueFound'>,level:0
2023-07-20 10:45:54,546 - root - INFO -  CannotEval
2023-07-20 10:45:54,546 - root - INFO - Subclass: <class 'pure_eval.utils.CannotEval'>,level:0
2023-07-20 10:45:54,546 - root - INFO -  OptionError
2023-07-20 10:45:54,546 - root - INFO - Subclass: <class 'pygments.util.OptionError'>,level:0
2023-07-20 10:45:54,546 - root - INFO -  BdbQuit
2023-07-20 10:45:54,546 - root - INFO - Subclass: <class 'bdb.BdbQuit'>,level:0
2023-07-20 10:45:54,546 - root - INFO -  Restart
2023-07-20 10:45:54,546 - root - INFO - Subclass: <class 'pdb.Restart'>,level:0
2023-07-20 10:45:54,547 - root - INFO -  ExceptionPexpect
2023-07-20 10:45:54,547 - root - INFO -   EOF
2023-07-20 10:45:54,547 - root - INFO - Subclass: <class 'pexpect.exceptions.EOF'>,level:1
2023-07-20 10:45:54,547 - root - INFO -   TIMEOUT
2023-07-20 10:45:54,547 - root - INFO - Subclass: <class 'pexpect.exceptions.TIMEOUT'>,level:1
2023-07-20 10:45:54,547 - root - INFO - Subclass: <class 'pexpect.exceptions.ExceptionPexpect'>,level:0
2023-07-20 10:45:54,547 - root - INFO -  PtyProcessError
2023-07-20 10:45:54,547 - root - INFO - Subclass: <class 'ptyprocess.util.PtyProcessError'>,level:0
2023-07-20 10:45:54,547 - root - INFO -  FindCmdError
2023-07-20 10:45:54,547 - root - INFO - Subclass: <class 'IPython.utils.process.FindCmdError'>,level:0
2023-07-20 10:45:54,547 - root - INFO -  HomeDirError
2023-07-20 10:45:54,547 - root - INFO - Subclass: <class 'IPython.utils.path.HomeDirError'>,level:0
2023-07-20 10:45:54,547 - root - INFO -  ProfileDirError
2023-07-20 10:45:54,547 - root - INFO - Subclass: <class 'IPython.core.profiledir.ProfileDirError'>,level:0
2023-07-20 10:45:54,547 - root - INFO -  IPythonCoreError
2023-07-20 10:45:54,547 - root - INFO -   TryNext
2023-07-20 10:45:54,547 - root - INFO - Subclass: <class 'IPython.core.error.TryNext'>,level:1
2023-07-20 10:45:54,547 - root - INFO -   UsageError
2023-07-20 10:45:54,548 - root - INFO - Subclass: <class 'IPython.core.error.UsageError'>,level:1
2023-07-20 10:45:54,548 - root - INFO -   StdinNotImplementedError
2023-07-20 10:45:54,548 - root - INFO - Subclass: <class 'IPython.core.error.StdinNotImplementedError'>,level:1
2023-07-20 10:45:54,548 - root - INFO - Subclass: <class 'IPython.core.error.IPythonCoreError'>,level:0
2023-07-20 10:45:54,548 - root - INFO -  InputRejected
2023-07-20 10:45:54,548 - root - INFO - Subclass: <class 'IPython.core.error.InputRejected'>,level:0
2023-07-20 10:45:54,548 - root - INFO -  GetoptError
2023-07-20 10:45:54,548 - root - INFO - Subclass: <class 'getopt.GetoptError'>,level:0
2023-07-20 10:45:54,548 - root - INFO -  ErrorToken
2023-07-20 10:45:54,548 - root - INFO - Subclass: <class 'pygments.filters.ErrorToken'>,level:0
2023-07-20 10:45:54,548 - root - INFO -  PrefilterError
2023-07-20 10:45:54,548 - root - INFO - Subclass: <class 'IPython.core.prefilter.PrefilterError'>,level:0
2023-07-20 10:45:54,548 - root - INFO -  AliasError
2023-07-20 10:45:54,548 - root - INFO -   InvalidAliasError
2023-07-20 10:45:54,548 - root - INFO - Subclass: <class 'IPython.core.alias.InvalidAliasError'>,level:1
2023-07-20 10:45:54,548 - root - INFO - Subclass: <class 'IPython.core.alias.AliasError'>,level:0
2023-07-20 10:45:54,548 - root - INFO -  Error
2023-07-20 10:45:54,548 - root - INFO -   InterfaceError
2023-07-20 10:45:54,549 - root - INFO - Subclass: <class 'sqlite3.InterfaceError'>,level:1
2023-07-20 10:45:54,549 - root - INFO -   DatabaseError
2023-07-20 10:45:54,549 - root - INFO -    InternalError
2023-07-20 10:45:54,549 - root - INFO - Subclass: <class 'sqlite3.InternalError'>,level:2
2023-07-20 10:45:54,549 - root - INFO -    OperationalError
2023-07-20 10:45:54,549 - root - INFO - Subclass: <class 'sqlite3.OperationalError'>,level:2
2023-07-20 10:45:54,549 - root - INFO -    ProgrammingError
2023-07-20 10:45:54,549 - root - INFO - Subclass: <class 'sqlite3.ProgrammingError'>,level:2
2023-07-20 10:45:54,549 - root - INFO -    IntegrityError
2023-07-20 10:45:54,549 - root - INFO - Subclass: <class 'sqlite3.IntegrityError'>,level:2
2023-07-20 10:45:54,549 - root - INFO -    DataError
2023-07-20 10:45:54,549 - root - INFO - Subclass: <class 'sqlite3.DataError'>,level:2
2023-07-20 10:45:54,549 - root - INFO -    NotSupportedError
2023-07-20 10:45:54,549 - root - INFO - Subclass: <class 'sqlite3.NotSupportedError'>,level:2
2023-07-20 10:45:54,549 - root - INFO - Subclass: <class 'sqlite3.DatabaseError'>,level:1
2023-07-20 10:45:54,549 - root - INFO - Subclass: <class 'sqlite3.Error'>,level:0
2023-07-20 10:45:54,549 - root - INFO -  Warning
2023-07-20 10:45:54,549 - root - INFO - Subclass: <class 'sqlite3.Warning'>,level:0
2023-07-20 10:45:54,550 - root - INFO -  SpaceInInput
2023-07-20 10:45:54,550 - root - INFO - Subclass: <class 'IPython.core.interactiveshell.SpaceInInput'>,level:0
2023-07-20 10:45:54,550 - root - INFO -  DOMException
2023-07-20 10:45:54,550 - root - INFO -   IndexSizeErr
2023-07-20 10:45:54,550 - root - INFO - Subclass: <class 'xml.dom.IndexSizeErr'>,level:1
2023-07-20 10:45:54,550 - root - INFO -   DomstringSizeErr
2023-07-20 10:45:54,550 - root - INFO - Subclass: <class 'xml.dom.DomstringSizeErr'>,level:1
2023-07-20 10:45:54,550 - root - INFO -   HierarchyRequestErr
2023-07-20 10:45:54,550 - root - INFO - Subclass: <class 'xml.dom.HierarchyRequestErr'>,level:1
2023-07-20 10:45:54,550 - root - INFO -   WrongDocumentErr
2023-07-20 10:45:54,550 - root - INFO - Subclass: <class 'xml.dom.WrongDocumentErr'>,level:1
2023-07-20 10:45:54,550 - root - INFO -   InvalidCharacterErr
2023-07-20 10:45:54,550 - root - INFO - Subclass: <class 'xml.dom.InvalidCharacterErr'>,level:1
2023-07-20 10:45:54,550 - root - INFO -   NoDataAllowedErr
2023-07-20 10:45:54,550 - root - INFO - Subclass: <class 'xml.dom.NoDataAllowedErr'>,level:1
2023-07-20 10:45:54,550 - root - INFO -   NoModificationAllowedErr
2023-07-20 10:45:54,550 - root - INFO - Subclass: <class 'xml.dom.NoModificationAllowedErr'>,level:1
2023-07-20 10:45:54,551 - root - INFO -   NotFoundErr
2023-07-20 10:45:54,551 - root - INFO - Subclass: <class 'xml.dom.NotFoundErr'>,level:1
2023-07-20 10:45:54,551 - root - INFO -   NotSupportedErr
2023-07-20 10:45:54,551 - root - INFO - Subclass: <class 'xml.dom.NotSupportedErr'>,level:1
2023-07-20 10:45:54,551 - root - INFO -   InuseAttributeErr
2023-07-20 10:45:54,551 - root - INFO - Subclass: <class 'xml.dom.InuseAttributeErr'>,level:1
2023-07-20 10:45:54,551 - root - INFO -   InvalidStateErr
2023-07-20 10:45:54,551 - root - INFO - Subclass: <class 'xml.dom.InvalidStateErr'>,level:1
2023-07-20 10:45:54,551 - root - INFO -   SyntaxErr
2023-07-20 10:45:54,551 - root - INFO - Subclass: <class 'xml.dom.SyntaxErr'>,level:1
2023-07-20 10:45:54,551 - root - INFO -   InvalidModificationErr
2023-07-20 10:45:54,551 - root - INFO - Subclass: <class 'xml.dom.InvalidModificationErr'>,level:1
2023-07-20 10:45:54,551 - root - INFO -   NamespaceErr
2023-07-20 10:45:54,551 - root - INFO - Subclass: <class 'xml.dom.NamespaceErr'>,level:1
2023-07-20 10:45:54,551 - root - INFO -   InvalidAccessErr
2023-07-20 10:45:54,551 - root - INFO - Subclass: <class 'xml.dom.InvalidAccessErr'>,level:1
2023-07-20 10:45:54,551 - root - INFO -   ValidationErr
2023-07-20 10:45:54,551 - root - INFO - Subclass: <class 'xml.dom.ValidationErr'>,level:1
2023-07-20 10:45:54,552 - root - INFO - Subclass: <class 'xml.dom.DOMException'>,level:0
2023-07-20 10:45:54,552 - root - INFO -  ValidationError
2023-07-20 10:45:54,552 - root - INFO - Subclass: <class 'prompt_toolkit.validation.ValidationError'>,level:0
2023-07-20 10:45:54,552 - root - INFO -  EditReadOnlyBuffer
2023-07-20 10:45:54,552 - root - INFO - Subclass: <class 'prompt_toolkit.buffer.EditReadOnlyBuffer'>,level:0
2023-07-20 10:45:54,552 - root - INFO -  _Retry
2023-07-20 10:45:54,552 - root - INFO - Subclass: <class 'prompt_toolkit.buffer._Retry'>,level:0
2023-07-20 10:45:54,552 - root - INFO -  InvalidLayoutError
2023-07-20 10:45:54,552 - root - INFO - Subclass: <class 'prompt_toolkit.layout.layout.InvalidLayoutError'>,level:0
2023-07-20 10:45:54,552 - root - INFO -  HeightIsUnknownError
2023-07-20 10:45:54,552 - root - INFO - Subclass: <class 'prompt_toolkit.renderer.HeightIsUnknownError'>,level:0
2023-07-20 10:45:54,552 - root - INFO -  ParserSyntaxError
2023-07-20 10:45:54,552 - root - INFO - Subclass: <class 'parso.parser.ParserSyntaxError'>,level:0
2023-07-20 10:45:54,552 - root - INFO -  InternalParseError
2023-07-20 10:45:54,552 - root - INFO - Subclass: <class 'parso.parser.InternalParseError'>,level:0
2023-07-20 10:45:54,552 - root - INFO -  _PositionUpdatingFinished
2023-07-20 10:45:54,552 - root - INFO - Subclass: <class 'parso.python.diff._PositionUpdatingFinished'>,level:0
2023-07-20 10:45:54,553 - root - INFO -  SimpleGetItemNotFound
2023-07-20 10:45:54,553 - root - INFO - Subclass: <class 'jedi.inference.helpers.SimpleGetItemNotFound'>,level:0
2023-07-20 10:45:54,553 - root - INFO -  UncaughtAttributeError
2023-07-20 10:45:54,553 - root - INFO - Subclass: <class 'jedi.inference.utils.UncaughtAttributeError'>,level:0
2023-07-20 10:45:54,553 - root - INFO -  HasNoContext
2023-07-20 10:45:54,553 - root - INFO - Subclass: <class 'jedi.inference.base_value.HasNoContext'>,level:0
2023-07-20 10:45:54,553 - root - INFO -  ParamIssue
2023-07-20 10:45:54,553 - root - INFO - Subclass: <class 'jedi.inference.arguments.ParamIssue'>,level:0
2023-07-20 10:45:54,553 - root - INFO -  _JediError
2023-07-20 10:45:54,553 - root - INFO -   InternalError
2023-07-20 10:45:54,553 - root - INFO - Subclass: <class 'jedi.api.exceptions.InternalError'>,level:1
2023-07-20 10:45:54,553 - root - INFO -   WrongVersion
2023-07-20 10:45:54,553 - root - INFO - Subclass: <class 'jedi.api.exceptions.WrongVersion'>,level:1
2023-07-20 10:45:54,553 - root - INFO -   RefactoringError
2023-07-20 10:45:54,553 - root - INFO - Subclass: <class 'jedi.api.exceptions.RefactoringError'>,level:1
2023-07-20 10:45:54,553 - root - INFO - Subclass: <class 'jedi.api.exceptions._JediError'>,level:0
2023-07-20 10:45:54,553 - root - INFO -  OnErrorLeaf
2023-07-20 10:45:54,553 - root - INFO - Subclass: <class 'jedi.api.helpers.OnErrorLeaf'>,level:0
2023-07-20 10:45:54,554 - root - INFO -  InvalidPythonEnvironment
2023-07-20 10:45:54,554 - root - INFO - Subclass: <class 'jedi.api.environment.InvalidPythonEnvironment'>,level:0
2023-07-20 10:45:54,554 - root - INFO -  MessageError
2023-07-20 10:45:54,554 - root - INFO -   MessageParseError
2023-07-20 10:45:54,554 - root - INFO -    HeaderParseError
2023-07-20 10:45:54,554 - root - INFO - Subclass: <class 'email.errors.HeaderParseError'>,level:2
2023-07-20 10:45:54,554 - root - INFO -    BoundaryError
2023-07-20 10:45:54,554 - root - INFO - Subclass: <class 'email.errors.BoundaryError'>,level:2
2023-07-20 10:45:54,554 - root - INFO - Subclass: <class 'email.errors.MessageParseError'>,level:1
2023-07-20 10:45:54,554 - root - INFO -   MultipartConversionError
2023-07-20 10:45:54,554 - root - INFO - Subclass: <class 'email.errors.MultipartConversionError'>,level:1
2023-07-20 10:45:54,554 - root - INFO -   CharsetError
2023-07-20 10:45:54,554 - root - INFO - Subclass: <class 'email.errors.CharsetError'>,level:1
2023-07-20 10:45:54,554 - root - INFO - Subclass: <class 'email.errors.MessageError'>,level:0
2023-07-20 10:45:54,554 - root - INFO -  Error
2023-07-20 10:45:54,554 - root - INFO - Subclass: <class 'uu.Error'>,level:0
2023-07-20 10:45:54,554 - root - INFO -  HTTPException
2023-07-20 10:45:54,554 - root - INFO -   NotConnected
2023-07-20 10:45:54,555 - root - INFO - Subclass: <class 'http.client.NotConnected'>,level:1
2023-07-20 10:45:54,555 - root - INFO -   InvalidURL
2023-07-20 10:45:54,555 - root - INFO - Subclass: <class 'http.client.InvalidURL'>,level:1
2023-07-20 10:45:54,555 - root - INFO -   UnknownProtocol
2023-07-20 10:45:54,555 - root - INFO - Subclass: <class 'http.client.UnknownProtocol'>,level:1
2023-07-20 10:45:54,555 - root - INFO -   UnknownTransferEncoding
2023-07-20 10:45:54,555 - root - INFO - Subclass: <class 'http.client.UnknownTransferEncoding'>,level:1
2023-07-20 10:45:54,555 - root - INFO -   UnimplementedFileMode
2023-07-20 10:45:54,555 - root - INFO - Subclass: <class 'http.client.UnimplementedFileMode'>,level:1
2023-07-20 10:45:54,555 - root - INFO -   IncompleteRead
2023-07-20 10:45:54,555 - root - INFO - Subclass: <class 'http.client.IncompleteRead'>,level:1
2023-07-20 10:45:54,555 - root - INFO -   ImproperConnectionState
2023-07-20 10:45:54,555 - root - INFO -    CannotSendRequest
2023-07-20 10:45:54,555 - root - INFO - Subclass: <class 'http.client.CannotSendRequest'>,level:2
2023-07-20 10:45:54,555 - root - INFO -    CannotSendHeader
2023-07-20 10:45:54,555 - root - INFO - Subclass: <class 'http.client.CannotSendHeader'>,level:2
2023-07-20 10:45:54,555 - root - INFO -    ResponseNotReady
2023-07-20 10:45:54,555 - root - INFO - Subclass: <class 'http.client.ResponseNotReady'>,level:2
2023-07-20 10:45:54,556 - root - INFO - Subclass: <class 'http.client.ImproperConnectionState'>,level:1
2023-07-20 10:45:54,556 - root - INFO -   BadStatusLine
2023-07-20 10:45:54,556 - root - INFO -    RemoteDisconnected
2023-07-20 10:45:54,556 - root - INFO - Subclass: <class 'http.client.RemoteDisconnected'>,level:2
2023-07-20 10:45:54,556 - root - INFO - Subclass: <class 'http.client.BadStatusLine'>,level:1
2023-07-20 10:45:54,556 - root - INFO -   LineTooLong
2023-07-20 10:45:54,556 - root - INFO - Subclass: <class 'http.client.LineTooLong'>,level:1
2023-07-20 10:45:54,556 - root - INFO - Subclass: <class 'http.client.HTTPException'>,level:0
2023-07-20 10:45:54,556 - root - INFO -  InteractivelyDefined
2023-07-20 10:45:54,556 - root - INFO - Subclass: <class 'IPython.core.magics.code.InteractivelyDefined'>,level:0
2023-07-20 10:45:54,556 - root - INFO -  KillEmbedded
2023-07-20 10:45:54,556 - root - INFO - Subclass: <class 'IPython.terminal.embed.KillEmbedded'>,level:0
2023-07-20 10:45:54,556 - root - INFO -  Error
2023-07-20 10:45:54,556 - root - INFO -   NoSuchProcess
2023-07-20 10:45:54,556 - root - INFO -    ZombieProcess
2023-07-20 10:45:54,556 - root - INFO - Subclass: <class 'psutil.ZombieProcess'>,level:2
2023-07-20 10:45:54,556 - root - INFO - Subclass: <class 'psutil.NoSuchProcess'>,level:1
2023-07-20 10:45:54,557 - root - INFO -   AccessDenied
2023-07-20 10:45:54,557 - root - INFO - Subclass: <class 'psutil.AccessDenied'>,level:1
2023-07-20 10:45:54,557 - root - INFO -   TimeoutExpired
2023-07-20 10:45:54,557 - root - INFO - Subclass: <class 'psutil.TimeoutExpired'>,level:1
2023-07-20 10:45:54,557 - root - INFO - Subclass: <class 'psutil.Error'>,level:0
2023-07-20 10:45:54,557 - root - INFO -  _Ipv6UnsupportedError
2023-07-20 10:45:54,557 - root - INFO - Subclass: <class 'psutil._pslinux._Ipv6UnsupportedError'>,level:0
2023-07-20 10:45:54,557 - root - INFO -  QueueEmpty
2023-07-20 10:45:54,557 - root - INFO - Subclass: <class 'tornado.queues.QueueEmpty'>,level:0
2023-07-20 10:45:54,557 - root - INFO -  QueueFull
2023-07-20 10:45:54,557 - root - INFO - Subclass: <class 'tornado.queues.QueueFull'>,level:0
2023-07-20 10:45:54,557 - root - INFO -  DebuggerInitializationError
2023-07-20 10:45:54,557 - root - INFO - Subclass: <class '_pydev_bundle._pydev_saved_modules.DebuggerInitializationError'>,level:0
2023-07-20 10:45:54,557 - root - INFO -  ExpatError
2023-07-20 10:45:54,557 - root - INFO - Subclass: <class 'xml.parsers.expat.ExpatError'>,level:0
2023-07-20 10:45:54,557 - root - INFO -  Error
2023-07-20 10:45:54,557 - root - INFO -   ProtocolError
2023-07-20 10:45:54,557 - root - INFO - Subclass: <class 'xmlrpc.client.ProtocolError'>,level:1
2023-07-20 10:45:54,558 - root - INFO -   ResponseError
2023-07-20 10:45:54,558 - root - INFO - Subclass: <class 'xmlrpc.client.ResponseError'>,level:1
2023-07-20 10:45:54,558 - root - INFO -   Fault
2023-07-20 10:45:54,558 - root - INFO - Subclass: <class 'xmlrpc.client.Fault'>,level:1
2023-07-20 10:45:54,558 - root - INFO - Subclass: <class 'xmlrpc.client.Error'>,level:0
2023-07-20 10:45:54,558 - root - INFO -  ParseBaseException
2023-07-20 10:45:54,558 - root - INFO -   ParseException
2023-07-20 10:45:54,558 - root - INFO - Subclass: <class 'pkg_resources._vendor.pyparsing.exceptions.ParseException'>,level:1
2023-07-20 10:45:54,558 - root - INFO -   ParseFatalException
2023-07-20 10:45:54,558 - root - INFO -    ParseSyntaxException
2023-07-20 10:45:54,558 - root - INFO - Subclass: <class 'pkg_resources._vendor.pyparsing.exceptions.ParseSyntaxException'>,level:2
2023-07-20 10:45:54,558 - root - INFO - Subclass: <class 'pkg_resources._vendor.pyparsing.exceptions.ParseFatalException'>,level:1
2023-07-20 10:45:54,558 - root - INFO - Subclass: <class 'pkg_resources._vendor.pyparsing.exceptions.ParseBaseException'>,level:0
2023-07-20 10:45:54,558 - root - INFO -  RecursiveGrammarException
2023-07-20 10:45:54,558 - root - INFO - Subclass: <class 'pkg_resources._vendor.pyparsing.exceptions.RecursiveGrammarException'>,level:0
2023-07-20 10:45:54,558 - root - INFO -  ResolutionError
2023-07-20 10:45:54,558 - root - INFO -   VersionConflict
2023-07-20 10:45:54,559 - root - INFO -    ContextualVersionConflict
2023-07-20 10:45:54,559 - root - INFO - Subclass: <class 'pkg_resources.ContextualVersionConflict'>,level:2
2023-07-20 10:45:54,559 - root - INFO - Subclass: <class 'pkg_resources.VersionConflict'>,level:1
2023-07-20 10:45:54,559 - root - INFO -   DistributionNotFound
2023-07-20 10:45:54,559 - root - INFO - Subclass: <class 'pkg_resources.DistributionNotFound'>,level:1
2023-07-20 10:45:54,559 - root - INFO -   UnknownExtra
2023-07-20 10:45:54,559 - root - INFO - Subclass: <class 'pkg_resources.UnknownExtra'>,level:1
2023-07-20 10:45:54,559 - root - INFO - Subclass: <class 'pkg_resources.ResolutionError'>,level:0
2023-07-20 10:45:54,559 - root - INFO -  _Error
2023-07-20 10:45:54,559 - root - INFO - Subclass: <class '_pydevd_bundle.pydevd_runpy._Error'>,level:0
2023-07-20 10:45:54,559 - root - INFO -  UnableToResolveVariableException
2023-07-20 10:45:54,559 - root - INFO - Subclass: <class '_pydevd_bundle.pydevd_resolver.UnableToResolveVariableException'>,level:0
2023-07-20 10:45:54,559 - root - INFO -  InvalidTypeInArgsException
2023-07-20 10:45:54,559 - root - INFO - Subclass: <class '_pydev_bundle.pydev_monkey.InvalidTypeInArgsException'>,level:0
2023-07-20 10:45:54,559 - root - INFO -  TransactionLimitExceeded
2023-07-20 10:45:54,559 - root - INFO - Subclass: <class '__main__.TransactionLimitExceeded'>,level:0
2023-07-20 10:45:58,331 - root - INFO - This is start of Question 3
2023-07-20 10:45:58,331 - root - ERROR - Exception occured and Handled : division by zero
Traceback (most recent call last):
  File "/tmp/ipykernel_6900/3816145219.py", line 5, in <module>
    print(a/0)
ZeroDivisionError: division by zero
2023-07-20 10:45:58,332 - root - INFO - Example 1 of Question 3 Completed
2023-07-20 10:45:59,196 - root - INFO - Example 2 Overflow error of Question 3 Started
2023-07-20 10:45:59,197 - root - INFO - Error Occured and Handled : math range error
2023-07-20 10:46:02,071 - root - INFO - This is start of Key Error Example
2023-07-20 10:46:02,072 - root - ERROR - Error Occured and Handled Key Error : 'key4'
Traceback (most recent call last):
  File "/tmp/ipykernel_6900/2126221073.py", line 5, in <module>
    d['key4']
KeyError: 'key4'
2023-07-20 10:46:02,072 - root - INFO - This is end of Key Error Example
2023-07-20 10:46:02,844 - root - INFO - This is start of Index error example
2023-07-20 10:46:02,844 - root - ERROR - Index error occured and Handled : list index out of range
Traceback (most recent call last):
  File "/tmp/ipykernel_6900/1233962531.py", line 5, in <module>
    l[23]
IndexError: list index out of range
2023-07-20 10:46:02,844 - root - INFO - Index Error Example complete
2023-07-20 10:46:05,152 - root - INFO - This is start of example for ImportError
2023-07-20 10:46:05,153 - root - ERROR - ImportError Occured and handled : No module named 'calculus'
Traceback (most recent call last):
  File "/tmp/ipykernel_6900/337649070.py", line 4, in <module>
    import calculus
ModuleNotFoundError: No module named 'calculus'
2023-07-20 10:46:05,153 - root - INFO - ImportError Example Complete
2023-07-20 10:46:05,912 - root - INFO - This is start of example for ModuleNotFoundError
2023-07-20 10:46:05,913 - root - ERROR - ModuleNotFoundError Occured and handled : No module named 'calculus'
Traceback (most recent call last):
  File "/tmp/ipykernel_6900/203045280.py", line 4, in <module>
    import calculus
ModuleNotFoundError: No module named 'calculus'
2023-07-20 10:46:05,913 - root - INFO - ModuleNotFound Example Complete
2023-07-20 10:46:08,992 - root - INFO - This is start of divide function
2023-07-20 10:46:08,992 - root - INFO - Try Block executed
2023-07-20 10:46:08,992 - root - INFO - Else Block Executed
2023-07-20 10:46:08,992 - root - INFO - This is end of divide function
